<?xml version="1.0" encoding="UTF-8"?>
<!-- Generated by org.testng.reporters.JUnitReportReporter -->
<testsuite hostname="CHANDRU" failures="0" tests="4" name="RunnerFile.RunnerTestNG" time="16.103" errors="0" timestamp="2025-04-02T12:34:04 IST" skipped="0">
  <testcase classname="RunnerFile.RunnerTestNG" name="runScenario" time="3.789"/>
  <testcase classname="RunnerFile.RunnerTestNG" name="runScenario" time="3.646"/>
  <testcase classname="RunnerFile.RunnerTestNG" name="runScenario" time="4.603"/>
  <testcase classname="RunnerFile.RunnerTestNG" name="runScenario" time="4.065"/>
</testsuite> <!-- RunnerFile.RunnerTestNG -->
