<?xml version="1.0" encoding="UTF-8"?>
<!-- Generated by org.testng.reporters.JUnitReportReporter -->
<testsuite hostname="CHANDRU" failures="0" tests="3" name="RunnerFile.Runnerdemo" time="38.930" errors="0" timestamp="2025-04-02T17:12:11 IST" skipped="0">
  <testcase classname="RunnerFile.Runnerdemo" name="runScenario" time="13.537"/>
  <testcase classname="RunnerFile.Runnerdemo" name="runScenario" time="16.842"/>
  <testcase classname="RunnerFile.Runnerdemo" name="runScenario" time="8.551"/>
</testsuite> <!-- RunnerFile.Runnerdemo -->
