<?xml version="1.0" encoding="UTF-8"?>
<!-- Generated by org.testng.reporters.JUnitReportReporter -->
<testsuite hostname="CHANDRU" failures="0" tests="5" name="RunnerFile.RunnerTestNG" time="35.196" errors="0" timestamp="2025-04-02T15:39:21 IST" skipped="0">
  <testcase classname="RunnerFile.RunnerTestNG" name="runScenario" time="8.692"/>
  <testcase classname="RunnerFile.RunnerTestNG" name="runScenario" time="6.381"/>
  <testcase classname="RunnerFile.RunnerTestNG" name="runScenario" time="7.648"/>
  <testcase classname="RunnerFile.RunnerTestNG" name="runScenario" time="6.263"/>
  <testcase classname="RunnerFile.RunnerTestNG" name="runScenario" time="6.212"/>
</testsuite> <!-- RunnerFile.RunnerTestNG -->
