<?xml version="1.0" encoding="UTF-8"?>
<testng-results ignored="0" total="6" passed="6" failed="0" skipped="0">
  <reporter-output>
  </reporter-output>
  <suite started-at="2025-04-02T21:05:31 IST" name="Default suite" finished-at="2025-04-02T21:06:37 IST" duration-ms="65857">
    <groups>
      <group name="cucumber">
        <method signature="AbstractTestNGCucumberTests.runScenario(io.cucumber.testng.PickleWrapper,io.cucumber.testng.FeatureWrapper)[pri:0, instance:RunnerFile.RunnerTestNG@2cd76f31]" name="runScenario" class="io.cucumber.testng.AbstractTestNGCucumberTests"/>
      </group> <!-- cucumber -->
    </groups>
    <test started-at="2025-04-02T21:05:31 IST" name="Default test" finished-at="2025-04-02T21:06:37 IST" duration-ms="65857">
      <class name="RunnerFile.RunnerTestNG">
        <test-method is-config="true" signature="setUpClass(org.testng.ITestContext)[pri:0, instance:RunnerFile.RunnerTestNG@2cd76f31]" started-at="2025-04-02T21:05:31 IST" name="setUpClass" finished-at="2025-04-02T21:05:32 IST" duration-ms="190" status="PASS">
          <params>
            <param index="0">
              <value>
                <![CDATA[org.testng.TestRunner@2f2bff16]]>
              </value>
            </param>
          </params>
          <reporter-output>
          </reporter-output>
        </test-method> <!-- setUpClass -->
        <test-method signature="runScenario(io.cucumber.testng.PickleWrapper,io.cucumber.testng.FeatureWrapper)[pri:0, instance:RunnerFile.RunnerTestNG@2cd76f31]" started-at="2025-04-02T21:05:32 IST" name="runScenario" description="Runs Cucumber Scenarios" data-provider="scenarios" finished-at="2025-04-02T21:05:44 IST" duration-ms="12930" status="PASS">
          <params>
            <param index="0">
              <value>
                <![CDATA["Assert features"]]>
              </value>
            </param>
            <param index="1">
              <value>
                <![CDATA["Dashboard Page"]]>
              </value>
            </param>
          </params>
          <reporter-output>
          </reporter-output>
        </test-method> <!-- runScenario -->
        <test-method signature="runScenario(io.cucumber.testng.PickleWrapper,io.cucumber.testng.FeatureWrapper)[pri:0, instance:RunnerFile.RunnerTestNG@2cd76f31]" started-at="2025-04-02T21:05:44 IST" name="runScenario" description="Runs Cucumber Scenarios" data-provider="scenarios" finished-at="2025-04-02T21:05:55 IST" duration-ms="10188" status="PASS">
          <params>
            <param index="0">
              <value>
                <![CDATA["Assert features"]]>
              </value>
            </param>
            <param index="1">
              <value>
                <![CDATA["Dashboard Page"]]>
              </value>
            </param>
          </params>
          <reporter-output>
          </reporter-output>
        </test-method> <!-- runScenario -->
        <test-method signature="runScenario(io.cucumber.testng.PickleWrapper,io.cucumber.testng.FeatureWrapper)[pri:0, instance:RunnerFile.RunnerTestNG@2cd76f31]" started-at="2025-04-02T21:05:55 IST" name="runScenario" description="Runs Cucumber Scenarios" data-provider="scenarios" finished-at="2025-04-02T21:06:05 IST" duration-ms="10498" status="PASS">
          <params>
            <param index="0">
              <value>
                <![CDATA["Assert features"]]>
              </value>
            </param>
            <param index="1">
              <value>
                <![CDATA["Dashboard Page"]]>
              </value>
            </param>
          </params>
          <reporter-output>
          </reporter-output>
        </test-method> <!-- runScenario -->
        <test-method signature="runScenario(io.cucumber.testng.PickleWrapper,io.cucumber.testng.FeatureWrapper)[pri:0, instance:RunnerFile.RunnerTestNG@2cd76f31]" started-at="2025-04-02T21:06:05 IST" name="runScenario" description="Runs Cucumber Scenarios" data-provider="scenarios" finished-at="2025-04-02T21:06:15 IST" duration-ms="9553" status="PASS">
          <params>
            <param index="0">
              <value>
                <![CDATA["Assert features"]]>
              </value>
            </param>
            <param index="1">
              <value>
                <![CDATA["Dashboard Page"]]>
              </value>
            </param>
          </params>
          <reporter-output>
          </reporter-output>
        </test-method> <!-- runScenario -->
        <test-method signature="runScenario(io.cucumber.testng.PickleWrapper,io.cucumber.testng.FeatureWrapper)[pri:0, instance:RunnerFile.RunnerTestNG@2cd76f31]" started-at="2025-04-02T21:06:15 IST" name="runScenario" description="Runs Cucumber Scenarios" data-provider="scenarios" finished-at="2025-04-02T21:06:25 IST" duration-ms="10632" status="PASS">
          <params>
            <param index="0">
              <value>
                <![CDATA["Assert features"]]>
              </value>
            </param>
            <param index="1">
              <value>
                <![CDATA["Dashboard Page"]]>
              </value>
            </param>
          </params>
          <reporter-output>
          </reporter-output>
        </test-method> <!-- runScenario -->
        <test-method signature="runScenario(io.cucumber.testng.PickleWrapper,io.cucumber.testng.FeatureWrapper)[pri:0, instance:RunnerFile.RunnerTestNG@2cd76f31]" started-at="2025-04-02T21:06:25 IST" name="runScenario" description="Runs Cucumber Scenarios" data-provider="scenarios" finished-at="2025-04-02T21:06:36 IST" duration-ms="10905" status="PASS">
          <params>
            <param index="0">
              <value>
                <![CDATA["Assert features"]]>
              </value>
            </param>
            <param index="1">
              <value>
                <![CDATA["Dashboard Page"]]>
              </value>
            </param>
          </params>
          <reporter-output>
          </reporter-output>
        </test-method> <!-- runScenario -->
        <test-method is-config="true" signature="tearDownClass()[pri:0, instance:RunnerFile.RunnerTestNG@2cd76f31]" started-at="2025-04-02T21:06:36 IST" name="tearDownClass" finished-at="2025-04-02T21:06:37 IST" duration-ms="906" status="PASS">
          <reporter-output>
          </reporter-output>
        </test-method> <!-- tearDownClass -->
      </class> <!-- RunnerFile.RunnerTestNG -->
    </test> <!-- Default test -->
  </suite> <!-- Default suite -->
</testng-results>
